<?xml version="1.0" encoding="UTF-8"?>
<!-- Generated by org.testng.reporters.JUnitReportReporter -->
<testsuite hostname="IQA-Himanshu" name="Facebook_With_DataProviderClass.Facebook" tests="1" failures="0" timestamp="9 Aug 2020 08:17:55 GMT" time="62.922" errors="0">
  <testcase name="facebookMethod" time="62.922" classname="Facebook_With_DataProviderClass.Facebook"/>
</testsuite> <!-- Facebook_With_DataProviderClass.Facebook -->
